<?xml version="1.0" encoding="UTF-8"?>
<!-- Generated by org.testng.reporters.JUnitReportReporter -->
<testsuite hostname="DESKTOP-V310COA" failures="0" tests="1" name="TestCases.TC_FileUpload_005" time="32.006" errors="0" timestamp="2020-05-20T14:26:58 IST" skipped="0">
  <testcase classname="TestCases.TC_FileUpload_005" name="upload" time="32.006"/>
  <system-out/>
</testsuite> <!-- TestCases.TC_FileUpload_005 -->
