<?xml version="1.0" encoding="UTF-8"?>
<!-- Generated by org.testng.reporters.JUnitReportReporter -->
<testsuite hostname="DESKTOP-V310COA" failures="0" tests="1" name="TestCases.TC_HtmlTable_003" time="26.147" errors="0" timestamp="2020-05-22T18:53:14 IST" skipped="0">
  <testcase classname="TestCases.TC_HtmlTable_003" name="htmltable" time="26.147"/>
  <system-out/>
</testsuite> <!-- TestCases.TC_HtmlTable_003 -->
