<?xml version="1.0" encoding="UTF-8"?>
<!-- Generated by org.testng.reporters.JUnitReportReporter -->
<testsuite hostname="DESKTOP-V310COA" failures="0" tests="1" name="TestCases.TC_DataPicker_004" time="28.142" errors="0" timestamp="2020-05-20T11:51:25 IST" skipped="0">
  <testcase classname="TestCases.TC_DataPicker_004" name="calender" time="28.142"/>
  <system-out/>
</testsuite> <!-- TestCases.TC_DataPicker_004 -->
